0 info it worked if it ends with ok
1 verbose cli [ 'c:\\Program Files\\nodejs\\node.exe',
1 verbose cli   'c:\\Program Files\\nodejs\\node_modules\\npm\\bin\\npm-cli.js',
1 verbose cli   'start' ]
2 info using npm@1.4.21
3 info using node@v0.10.30
4 verbose run-script [ 'prestart', 'start', 'poststart' ]
5 info prestart CourseEstimate@0.0.1
6 info start CourseEstimate@0.0.1
7 verbose unsafe-perm in lifecycle true
8 info CourseEstimate@0.0.1 Failed to exec start script
9 error CourseEstimate@0.0.1 start: `node app.js`
9 error Exit status 8
10 error Failed at the CourseEstimate@0.0.1 start script.
10 error This is most likely a problem with the CourseEstimate package,
10 error not with npm itself.
10 error Tell the author that this fails on your system:
10 error     node app.js
10 error You can get their info via:
10 error     npm owner ls CourseEstimate
10 error There is likely additional logging output above.
11 error System Windows_NT 6.2.9200
12 error command "c:\\Program Files\\nodejs\\node.exe" "c:\\Program Files\\nodejs\\node_modules\\npm\\bin\\npm-cli.js" "start"
13 error cwd c:\eclipseWorkspace\CourseEvaluate
14 error node -v v0.10.30
15 error npm -v 1.4.21
16 error code ELIFECYCLE
17 verbose exit [ 1, true ]
